<?xml version="1.0" encoding="UTF-8"?>
<testsuites>
	<testsuite tests="5" errors="0" failures="1" time="0.016" timestamp="2018-06-22T18:27:21">
		<testcase classname="Selectors" name="#h1Selector should select all h1&amp;apos;s" time="0.005">
		</testcase>
		<testcase classname="Selectors" name="#liInOlSelector should select all li elements nested in ol&amp;apos;s" time="0.003">
		</testcase>
		<testcase classname="Selectors" name="#linkSelector should select all links that are inside of the element with an id of box4 and a class of box5." time="0.001">
		</testcase>
		<testcase classname="Selectors" name="#imageSelector should an image that has the alt text equal to &amp;quot;cat sleeping&amp;quot;" time="0.004">
			<failure type="toBe" message="Expected 0 to be 1.">
stack@file:///home/sophiesmith6/kwk-l2-jquery-selectors-lab-kwk-students-l2-stl-061818/tmpTestSupport/jasmine.js:1293:37
buildExpectationResult@file:///home/sophiesmith6/kwk-l2-jquery-selectors-lab-kwk-students-l2-stl-061818/tmpTestSupport/jasmine.js:1270:19
expectationResultFactory@file:///home/sophiesmith6/kwk-l2-jquery-selectors-lab-kwk-students-l2-stl-061818/tmpTestSupport/jasmine.js:484:40
addExpectationResult@file:///home/sophiesmith6/kwk-l2-jquery-selectors-lab-kwk-students-l2-stl-061818/tmpTestSupport/jasmine.js:260:70
addExpectationResult@file:///home/sophiesmith6/kwk-l2-jquery-selectors-lab-kwk-students-l2-stl-061818/tmpTestSupport/jasmine.js:442:41
file:///home/sophiesmith6/kwk-l2-jquery-selectors-lab-kwk-students-l2-stl-061818/tmpTestSupport/jasmine.js:1209:32
file:///home/sophiesmith6/kwk-l2-jquery-selectors-lab-kwk-students-l2-stl-061818/spec/selectors_spec.js:26:40
attemptSync@file:///home/sophiesmith6/kwk-l2-jquery-selectors-lab-kwk-students-l2-stl-061818/tmpTestSupport/jasmine.js:1510:16
run@file:///home/sophiesmith6/kwk-l2-jquery-selectors-lab-kwk-students-l2-stl-061818/tmpTestSupport/jasmine.js:1498:20
execute@file:///home/sophiesmith6/kwk-l2-jquery-selectors-lab-kwk-students-l2-stl-061818/tmpTestSupport/jasmine.js:1485:13
queueRunnerFactory@file:///home/sophiesmith6/kwk-l2-jquery-selectors-lab-kwk-students-l2-stl-061818/tmpTestSupport/jasmine.js:518:42
execute@file:///home/sophiesmith6/kwk-l2-jquery-selectors-lab-kwk-students-l2-stl-061818/tmpTestSupport/jasmine.js:306:28
file:///home/sophiesmith6/kwk-l2-jquery-selectors-lab-kwk-students-l2-stl-061818/tmpTestSupport/jasmine.js:1708:44
attemptAsync@file:///home/sophiesmith6/kwk-l2-jquery-selectors-lab-kwk-students-l2-stl-061818/tmpTestSupport/jasmine.js:1520:16
run@file:///home/sophiesmith6/kwk-l2-jquery-selectors-lab-kwk-students-l2-stl-061818/tmpTestSupport/jasmine.js:1496:28
next@file:///home/sophiesmith6/kwk-l2-jquery-selectors-lab-kwk-students-l2-stl-061818/tmpTestSupport/jasmine.js:1517:40
complete@file:///home/sophiesmith6/kwk-l2-jquery-selectors-lab-kwk-students-l2-stl-061818/tmpTestSupport/jasmine.js:333:19
clearStack@file:///home/sophiesmith6/kwk-l2-jquery-selectors-lab-kwk-students-l2-stl-061818/tmpTestSupport/jasmine.js:506:11
run@file:///home/sophiesmith6/kwk-l2-jquery-selectors-lab-kwk-students-l2-stl-061818/tmpTestSupport/jasmine.js:1505:22
execute@file:///home/sophiesmith6/kwk-l2-jquery-selectors-lab-kwk-students-l2-stl-061818/tmpTestSupport/jasmine.js:1485:13
queueRunnerFactory@file:///home/sophiesmith6/kwk-l2-jquery-selectors-lab-kwk-students-l2-stl-061818/tmpTestSupport/jasmine.js:518:42
execute@file:///home/sophiesmith6/kwk-l2-jquery-selectors-lab-kwk-students-l2-stl-061818/tmpTestSupport/jasmine.js:306:28
file:///home/sophiesmith6/kwk-l2-jquery-selectors-lab-kwk-students-l2-stl-061818/tmpTestSupport/jasmine.js:1708:44
attemptAsync@file:///home/sophiesmith6/kwk-l2-jquery-selectors-lab-kwk-students-l2-stl-061818/tmpTestSupport/jasmine.js:1520:16
run@file:///home/sophiesmith6/kwk-l2-jquery-selectors-lab-kwk-students-l2-stl-061818/tmpTestSupport/jasmine.js:1496:28
next@file:///home/sophiesmith6/kwk-l2-jquery-selectors-lab-kwk-students-l2-stl-061818/tmpTestSupport/jasmine.js:1517:40
complete@file:///home/sophiesmith6/kwk-l2-jquery-selectors-lab-kwk-students-l2-stl-061818/tmpTestSupport/jasmine.js:333:19
clearStack@file:///home/sophiesmith6/kwk-l2-jquery-selectors-lab-kwk-students-l2-stl-061818/tmpTestSupport/jasmine.js:506:11
run@file:///home/sophiesmith6/kwk-l2-jquery-selectors-lab-kwk-students-l2-stl-061818/tmpTestSupport/jasmine.js:1505:22
execute@file:///home/sophiesmith6/kwk-l2-jquery-selectors-lab-kwk-students-l2-stl-061818/tmpTestSupport/jasmine.js:1485:13
queueRunnerFactory@file:///home/sophiesmith6/kwk-l2-jquery-selectors-lab-kwk-students-l2-stl-061818/tmpTestSupport/jasmine.js:518:42
execute@file:///home/sophiesmith6/kwk-l2-jquery-selectors-lab-kwk-students-l2-stl-061818/tmpTestSupport/jasmine.js:306:28
file:///home/sophiesmith6/kwk-l2-jquery-selectors-lab-kwk-students-l2-stl-061818/tmpTestSupport/jasmine.js:1708:44
attemptAsync@file:///home/sophiesmith6/kwk-l2-jquery-selectors-lab-kwk-students-l2-stl-061818/tmpTestSupport/jasmine.js:1520:16
run@file:///home/sophiesmith6/kwk-l2-jquery-selectors-lab-kwk-students-l2-stl-061818/tmpTestSupport/jasmine.js:1496:28
next@file:///home/sophiesmith6/kwk-l2-jquery-selectors-lab-kwk-students-l2-stl-061818/tmpTestSupport/jasmine.js:1517:40
complete@file:///home/sophiesmith6/kwk-l2-jquery-selectors-lab-kwk-students-l2-stl-061818/tmpTestSupport/jasmine.js:333:19
clearStack@file:///home/sophiesmith6/kwk-l2-jquery-selectors-lab-kwk-students-l2-stl-061818/tmpTestSupport/jasmine.js:506:11
run@file:///home/sophiesmith6/kwk-l2-jquery-selectors-lab-kwk-students-l2-stl-061818/tmpTestSupport/jasmine.js:1505:22
execute@file:///home/sophiesmith6/kwk-l2-jquery-selectors-lab-kwk-students-l2-stl-061818/tmpTestSupport/jasmine.js:1485:13
queueRunnerFactory@file:///home/sophiesmith6/kwk-l2-jquery-selectors-lab-kwk-students-l2-stl-061818/tmpTestSupport/jasmine.js:518:42
execute@file:///home/sophiesmith6/kwk-l2-jquery-selectors-lab-kwk-students-l2-stl-061818/tmpTestSupport/jasmine.js:306:28
file:///home/sophiesmith6/kwk-l2-jquery-selectors-lab-kwk-students-l2-stl-061818/tmpTestSupport/jasmine.js:1708:44
attemptAsync@file:///home/sophiesmith6/kwk-l2-jquery-selectors-lab-kwk-students-l2-stl-061818/tmpTestSupport/jasmine.js:1520:16
run@file:///home/sophiesmith6/kwk-l2-jquery-selectors-lab-kwk-students-l2-stl-061818/tmpTestSupport/jasmine.js:1496:28
execute@file:///home/sophiesmith6/kwk-l2-jquery-selectors-lab-kwk-students-l2-stl-061818/tmpTestSupport/jasmine.js:1485:13
queueRunnerFactory@file:///home/sophiesmith6/kwk-l2-jquery-selectors-lab-kwk-students-l2-stl-061818/tmpTestSupport/jasmine.js:518:42
execute@file:///home/sophiesmith6/kwk-l2-jquery-selectors-lab-kwk-students-l2-stl-061818/tmpTestSupport/jasmine.js:1694:21
file:///home/sophiesmith6/kwk-l2-jquery-selectors-lab-kwk-students-l2-stl-061818/tmpTestSupport/jasmine.js:1708:44
attemptAsync@file:///home/sophiesmith6/kwk-l2-jquery-selectors-lab-kwk-students-l2-stl-061818/tmpTestSupport/jasmine.js:1520:16
run@file:///home/sophiesmith6/kwk-l2-jquery-selectors-lab-kwk-students-l2-stl-061818/tmpTestSupport/jasmine.js:1496:28
execute@file:///home/sophiesmith6/kwk-l2-jquery-selectors-lab-kwk-students-l2-stl-061818/tmpTestSupport/jasmine.js:1485:13
queueRunnerFactory@file:///home/sophiesmith6/kwk-l2-jquery-selectors-lab-kwk-students-l2-stl-061818/tmpTestSupport/jasmine.js:518:42
execute@file:///home/sophiesmith6/kwk-l2-jquery-selectors-lab-kwk-students-l2-stl-061818/tmpTestSupport/jasmine.js:1694:21
file:///home/sophiesmith6/kwk-l2-jquery-selectors-lab-kwk-students-l2-stl-061818/tmpTestSupport/jasmine.js:541:83
attemptAsync@file:///home/sophiesmith6/kwk-l2-jquery-selectors-lab-kwk-students-l2-stl-061818/tmpTestSupport/jasmine.js:1520:16
run@file:///home/sophiesmith6/kwk-l2-jquery-selectors-lab-kwk-students-l2-stl-061818/tmpTestSupport/jasmine.js:1496:28
execute@file:///home/sophiesmith6/kwk-l2-jquery-selectors-lab-kwk-students-l2-stl-061818/tmpTestSupport/jasmine.js:1485:13
queueRunnerFactory@file:///home/sophiesmith6/kwk-l2-jquery-selectors-lab-kwk-students-l2-stl-061818/tmpTestSupport/jasmine.js:518:42
execute@file:///home/sophiesmith6/kwk-l2-jquery-selectors-lab-kwk-students-l2-stl-061818/tmpTestSupport/jasmine.js:548:25
onload@file:///home/sophiesmith6/kwk-l2-jquery-selectors-lab-kwk-students-l2-stl-061818/tmpTestSupport/boot.js:172:16			</failure>
			<failure type="toEqual" message="Expected undefined to equal &amp;apos;images/cat.jpg&amp;apos;.">
stack@file:///home/sophiesmith6/kwk-l2-jquery-selectors-lab-kwk-students-l2-stl-061818/tmpTestSupport/jasmine.js:1293:37
buildExpectationResult@file:///home/sophiesmith6/kwk-l2-jquery-selectors-lab-kwk-students-l2-stl-061818/tmpTestSupport/jasmine.js:1270:19
expectationResultFactory@file:///home/sophiesmith6/kwk-l2-jquery-selectors-lab-kwk-students-l2-stl-061818/tmpTestSupport/jasmine.js:484:40
addExpectationResult@file:///home/sophiesmith6/kwk-l2-jquery-selectors-lab-kwk-students-l2-stl-061818/tmpTestSupport/jasmine.js:260:70
addExpectationResult@file:///home/sophiesmith6/kwk-l2-jquery-selectors-lab-kwk-students-l2-stl-061818/tmpTestSupport/jasmine.js:442:41
file:///home/sophiesmith6/kwk-l2-jquery-selectors-lab-kwk-students-l2-stl-061818/tmpTestSupport/jasmine.js:1209:32
file:///home/sophiesmith6/kwk-l2-jquery-selectors-lab-kwk-students-l2-stl-061818/spec/selectors_spec.js:27:48
attemptSync@file:///home/sophiesmith6/kwk-l2-jquery-selectors-lab-kwk-students-l2-stl-061818/tmpTestSupport/jasmine.js:1510:16
run@file:///home/sophiesmith6/kwk-l2-jquery-selectors-lab-kwk-students-l2-stl-061818/tmpTestSupport/jasmine.js:1498:20
execute@file:///home/sophiesmith6/kwk-l2-jquery-selectors-lab-kwk-students-l2-stl-061818/tmpTestSupport/jasmine.js:1485:13
queueRunnerFactory@file:///home/sophiesmith6/kwk-l2-jquery-selectors-lab-kwk-students-l2-stl-061818/tmpTestSupport/jasmine.js:518:42
execute@file:///home/sophiesmith6/kwk-l2-jquery-selectors-lab-kwk-students-l2-stl-061818/tmpTestSupport/jasmine.js:306:28
file:///home/sophiesmith6/kwk-l2-jquery-selectors-lab-kwk-students-l2-stl-061818/tmpTestSupport/jasmine.js:1708:44
attemptAsync@file:///home/sophiesmith6/kwk-l2-jquery-selectors-lab-kwk-students-l2-stl-061818/tmpTestSupport/jasmine.js:1520:16
run@file:///home/sophiesmith6/kwk-l2-jquery-selectors-lab-kwk-students-l2-stl-061818/tmpTestSupport/jasmine.js:1496:28
next@file:///home/sophiesmith6/kwk-l2-jquery-selectors-lab-kwk-students-l2-stl-061818/tmpTestSupport/jasmine.js:1517:40
complete@file:///home/sophiesmith6/kwk-l2-jquery-selectors-lab-kwk-students-l2-stl-061818/tmpTestSupport/jasmine.js:333:19
clearStack@file:///home/sophiesmith6/kwk-l2-jquery-selectors-lab-kwk-students-l2-stl-061818/tmpTestSupport/jasmine.js:506:11
run@file:///home/sophiesmith6/kwk-l2-jquery-selectors-lab-kwk-students-l2-stl-061818/tmpTestSupport/jasmine.js:1505:22
execute@file:///home/sophiesmith6/kwk-l2-jquery-selectors-lab-kwk-students-l2-stl-061818/tmpTestSupport/jasmine.js:1485:13
queueRunnerFactory@file:///home/sophiesmith6/kwk-l2-jquery-selectors-lab-kwk-students-l2-stl-061818/tmpTestSupport/jasmine.js:518:42
execute@file:///home/sophiesmith6/kwk-l2-jquery-selectors-lab-kwk-students-l2-stl-061818/tmpTestSupport/jasmine.js:306:28
file:///home/sophiesmith6/kwk-l2-jquery-selectors-lab-kwk-students-l2-stl-061818/tmpTestSupport/jasmine.js:1708:44
attemptAsync@file:///home/sophiesmith6/kwk-l2-jquery-selectors-lab-kwk-students-l2-stl-061818/tmpTestSupport/jasmine.js:1520:16
run@file:///home/sophiesmith6/kwk-l2-jquery-selectors-lab-kwk-students-l2-stl-061818/tmpTestSupport/jasmine.js:1496:28
next@file:///home/sophiesmith6/kwk-l2-jquery-selectors-lab-kwk-students-l2-stl-061818/tmpTestSupport/jasmine.js:1517:40
complete@file:///home/sophiesmith6/kwk-l2-jquery-selectors-lab-kwk-students-l2-stl-061818/tmpTestSupport/jasmine.js:333:19
clearStack@file:///home/sophiesmith6/kwk-l2-jquery-selectors-lab-kwk-students-l2-stl-061818/tmpTestSupport/jasmine.js:506:11
run@file:///home/sophiesmith6/kwk-l2-jquery-selectors-lab-kwk-students-l2-stl-061818/tmpTestSupport/jasmine.js:1505:22
execute@file:///home/sophiesmith6/kwk-l2-jquery-selectors-lab-kwk-students-l2-stl-061818/tmpTestSupport/jasmine.js:1485:13
queueRunnerFactory@file:///home/sophiesmith6/kwk-l2-jquery-selectors-lab-kwk-students-l2-stl-061818/tmpTestSupport/jasmine.js:518:42
execute@file:///home/sophiesmith6/kwk-l2-jquery-selectors-lab-kwk-students-l2-stl-061818/tmpTestSupport/jasmine.js:306:28
file:///home/sophiesmith6/kwk-l2-jquery-selectors-lab-kwk-students-l2-stl-061818/tmpTestSupport/jasmine.js:1708:44
attemptAsync@file:///home/sophiesmith6/kwk-l2-jquery-selectors-lab-kwk-students-l2-stl-061818/tmpTestSupport/jasmine.js:1520:16
run@file:///home/sophiesmith6/kwk-l2-jquery-selectors-lab-kwk-students-l2-stl-061818/tmpTestSupport/jasmine.js:1496:28
next@file:///home/sophiesmith6/kwk-l2-jquery-selectors-lab-kwk-students-l2-stl-061818/tmpTestSupport/jasmine.js:1517:40
complete@file:///home/sophiesmith6/kwk-l2-jquery-selectors-lab-kwk-students-l2-stl-061818/tmpTestSupport/jasmine.js:333:19
clearStack@file:///home/sophiesmith6/kwk-l2-jquery-selectors-lab-kwk-students-l2-stl-061818/tmpTestSupport/jasmine.js:506:11
run@file:///home/sophiesmith6/kwk-l2-jquery-selectors-lab-kwk-students-l2-stl-061818/tmpTestSupport/jasmine.js:1505:22
execute@file:///home/sophiesmith6/kwk-l2-jquery-selectors-lab-kwk-students-l2-stl-061818/tmpTestSupport/jasmine.js:1485:13
queueRunnerFactory@file:///home/sophiesmith6/kwk-l2-jquery-selectors-lab-kwk-students-l2-stl-061818/tmpTestSupport/jasmine.js:518:42
execute@file:///home/sophiesmith6/kwk-l2-jquery-selectors-lab-kwk-students-l2-stl-061818/tmpTestSupport/jasmine.js:306:28
file:///home/sophiesmith6/kwk-l2-jquery-selectors-lab-kwk-students-l2-stl-061818/tmpTestSupport/jasmine.js:1708:44
attemptAsync@file:///home/sophiesmith6/kwk-l2-jquery-selectors-lab-kwk-students-l2-stl-061818/tmpTestSupport/jasmine.js:1520:16
run@file:///home/sophiesmith6/kwk-l2-jquery-selectors-lab-kwk-students-l2-stl-061818/tmpTestSupport/jasmine.js:1496:28
execute@file:///home/sophiesmith6/kwk-l2-jquery-selectors-lab-kwk-students-l2-stl-061818/tmpTestSupport/jasmine.js:1485:13
queueRunnerFactory@file:///home/sophiesmith6/kwk-l2-jquery-selectors-lab-kwk-students-l2-stl-061818/tmpTestSupport/jasmine.js:518:42
execute@file:///home/sophiesmith6/kwk-l2-jquery-selectors-lab-kwk-students-l2-stl-061818/tmpTestSupport/jasmine.js:1694:21
file:///home/sophiesmith6/kwk-l2-jquery-selectors-lab-kwk-students-l2-stl-061818/tmpTestSupport/jasmine.js:1708:44
attemptAsync@file:///home/sophiesmith6/kwk-l2-jquery-selectors-lab-kwk-students-l2-stl-061818/tmpTestSupport/jasmine.js:1520:16
run@file:///home/sophiesmith6/kwk-l2-jquery-selectors-lab-kwk-students-l2-stl-061818/tmpTestSupport/jasmine.js:1496:28
execute@file:///home/sophiesmith6/kwk-l2-jquery-selectors-lab-kwk-students-l2-stl-061818/tmpTestSupport/jasmine.js:1485:13
queueRunnerFactory@file:///home/sophiesmith6/kwk-l2-jquery-selectors-lab-kwk-students-l2-stl-061818/tmpTestSupport/jasmine.js:518:42
execute@file:///home/sophiesmith6/kwk-l2-jquery-selectors-lab-kwk-students-l2-stl-061818/tmpTestSupport/jasmine.js:1694:21
file:///home/sophiesmith6/kwk-l2-jquery-selectors-lab-kwk-students-l2-stl-061818/tmpTestSupport/jasmine.js:541:83
attemptAsync@file:///home/sophiesmith6/kwk-l2-jquery-selectors-lab-kwk-students-l2-stl-061818/tmpTestSupport/jasmine.js:1520:16
run@file:///home/sophiesmith6/kwk-l2-jquery-selectors-lab-kwk-students-l2-stl-061818/tmpTestSupport/jasmine.js:1496:28
execute@file:///home/sophiesmith6/kwk-l2-jquery-selectors-lab-kwk-students-l2-stl-061818/tmpTestSupport/jasmine.js:1485:13
queueRunnerFactory@file:///home/sophiesmith6/kwk-l2-jquery-selectors-lab-kwk-students-l2-stl-061818/tmpTestSupport/jasmine.js:518:42
execute@file:///home/sophiesmith6/kwk-l2-jquery-selectors-lab-kwk-students-l2-stl-061818/tmpTestSupport/jasmine.js:548:25
onload@file:///home/sophiesmith6/kwk-l2-jquery-selectors-lab-kwk-students-l2-stl-061818/tmpTestSupport/boot.js:172:16			</failure>
		</testcase>
		<testcase classname="Selectors" name="#checkboxInputSelector should select all checkbox inputs" time="0.003">
		</testcase>
	</testsuite>
</testsuites>

